2025-09-13 19:34:56.020 [ main ] - [ INFO  ] [ com.gk.study.MySpringApplication : 55 ] - Starting MySpringApplication using Java 1.8.0_192 on yfyfyfmini with PID 21344 (C:\Users\11568\OneDrive\Graduation project\shop_project\server\server\target\classes started by 11568 in C:\Users\11568\OneDrive\Graduation project\shop_project\server)
2025-09-13 19:34:56.025 [ main ] - [ INFO  ] [ com.gk.study.MySpringApplication : 659 ] - No active profile set, falling back to default profiles: default
2025-09-13 19:34:56.788 [ main ] - [ INFO  ] [ org.apache.coyote.http11.Http11NioProtocol : 173 ] - Initializing ProtocolHandler ["http-nio-9100"]
2025-09-13 19:34:56.788 [ main ] - [ INFO  ] [ org.apache.catalina.core.StandardService : 173 ] - Starting service [Tomcat]
2025-09-13 19:34:56.788 [ main ] - [ INFO  ] [ org.apache.catalina.core.StandardEngine : 173 ] - Starting Servlet engine: [Apache Tomcat/9.0.53]
2025-09-13 19:34:56.832 [ main ] - [ INFO  ] [ o.a.c.c.ContainerBase.[Tomcat].[localhost].[/api] : 173 ] - Initializing Spring embedded WebApplicationContext
2025-09-13 19:34:57.061 [ main ] - [ WARN  ] [ c.b.mybatisplus.core.injector.DefaultSqlInjector : 56 ] - class java.lang.Object ,Not found @TableId annotation, Cannot use Mybatis-Plus 'xxById' Method.
2025-09-13 19:34:57.755 [ main ] - [ INFO  ] [ org.apache.coyote.http11.Http11NioProtocol : 173 ] - Starting ProtocolHandler ["http-nio-9100"]
2025-09-13 19:34:57.766 [ main ] - [ INFO  ] [ o.a.c.c.ContainerBase.[Tomcat].[localhost].[/api] : 173 ] - Initializing Spring DispatcherServlet 'dispatcherServlet'
2025-09-13 19:34:57.777 [ main ] - [ INFO  ] [ com.gk.study.MySpringApplication : 61 ] - Started MySpringApplication in 2.163 seconds (JVM running for 2.744)
2025-09-13 19:35:53.534 [ http-nio-9100-exec-2 ] - [ INFO  ] [ com.zaxxer.hikari.HikariDataSource : 110 ] - HikariPool-1 - Starting...
2025-09-13 19:35:53.970 [ http-nio-9100-exec-2 ] - [ INFO  ] [ com.zaxxer.hikari.HikariDataSource : 123 ] - HikariPool-1 - Start completed.
2025-09-13 19:37:30.647 [ http-nio-9100-exec-10 ] - [ INFO  ] [ com.gk.study.controller.AiChatController : 92 ] - AI chat request received - message: 我要学外语, sessionId: 
2025-09-13 19:37:30.647 [ http-nio-9100-exec-10 ] - [ INFO  ] [ com.gk.study.controller.AiChatController : 51 ] - Refreshing thing cache
2025-09-13 19:37:30.671 [ http-nio-9100-exec-10 ] - [ INFO  ] [ com.gk.study.controller.AiChatController : 142 ] - Sending request to AI service with message: 我要学外语
2025-09-13 19:37:33.370 [ http-nio-9100-exec-10 ] - [ INFO  ] [ com.gk.study.controller.AiChatController : 151 ] - Received response from AI service with status: 200 OK
2025-09-13 19:37:33.370 [ http-nio-9100-exec-10 ] - [ INFO  ] [ com.gk.study.controller.AiChatController : 179 ] - Successfully processed AI response
2025-09-13 19:38:08.254 [ http-nio-9100-exec-2 ] - [ INFO  ] [ com.gk.study.controller.AiChatController : 92 ] - AI chat request received - message: 我要学sql, sessionId: 
2025-09-13 19:38:08.256 [ http-nio-9100-exec-2 ] - [ INFO  ] [ com.gk.study.controller.AiChatController : 142 ] - Sending request to AI service with message: 我要学sql
2025-09-13 19:38:11.517 [ http-nio-9100-exec-2 ] - [ INFO  ] [ com.gk.study.controller.AiChatController : 151 ] - Received response from AI service with status: 200 OK
2025-09-13 19:38:11.517 [ http-nio-9100-exec-2 ] - [ INFO  ] [ com.gk.study.controller.AiChatController : 179 ] - Successfully processed AI response
2025-09-13 19:42:34.266 [ SpringApplicationShutdownHook ] - [ INFO  ] [ com.zaxxer.hikari.HikariDataSource : 350 ] - HikariPool-1 - Shutdown initiated...
2025-09-13 19:42:34.268 [ SpringApplicationShutdownHook ] - [ INFO  ] [ com.zaxxer.hikari.HikariDataSource : 352 ] - HikariPool-1 - Shutdown completed.
