2025-09-08 16:54:24.326 [ main ] - [ INFO  ] [ com.gk.study.MySpringApplication : 55 ] - Starting MySpringApplication using Java 1.8.0_192 on yfyfyfmini with PID 18532 (C:\Users\11568\OneDrive\Graduation project\shop_project\server\server\target\classes started by 11568 in C:\Users\11568\OneDrive\Graduation project\shop_project\server)
2025-09-08 16:54:24.333 [ main ] - [ INFO  ] [ com.gk.study.MySpringApplication : 659 ] - No active profile set, falling back to default profiles: default
2025-09-08 16:54:25.480 [ main ] - [ INFO  ] [ org.apache.coyote.http11.Http11NioProtocol : 173 ] - Initializing ProtocolHandler ["http-nio-9100"]
2025-09-08 16:54:25.482 [ main ] - [ INFO  ] [ org.apache.catalina.core.StandardService : 173 ] - Starting service [Tomcat]
2025-09-08 16:54:25.482 [ main ] - [ INFO  ] [ org.apache.catalina.core.StandardEngine : 173 ] - Starting Servlet engine: [Apache Tomcat/9.0.53]
2025-09-08 16:54:25.572 [ main ] - [ INFO  ] [ o.a.c.c.ContainerBase.[Tomcat].[localhost].[/api] : 173 ] - Initializing Spring embedded WebApplicationContext
2025-09-08 16:54:26.023 [ main ] - [ WARN  ] [ c.b.mybatisplus.core.injector.DefaultSqlInjector : 56 ] - class java.lang.Object ,Not found @TableId annotation, Cannot use Mybatis-Plus 'xxById' Method.
2025-09-08 16:54:27.436 [ main ] - [ INFO  ] [ org.apache.coyote.http11.Http11NioProtocol : 173 ] - Starting ProtocolHandler ["http-nio-9100"]
2025-09-08 16:54:27.461 [ main ] - [ INFO  ] [ o.a.c.c.ContainerBase.[Tomcat].[localhost].[/api] : 173 ] - Initializing Spring DispatcherServlet 'dispatcherServlet'
2025-09-08 16:54:27.484 [ main ] - [ INFO  ] [ com.gk.study.MySpringApplication : 61 ] - Started MySpringApplication in 3.648 seconds (JVM running for 4.438)
2025-09-08 17:15:56.320 [ main ] - [ INFO  ] [ com.gk.study.MySpringApplication : 55 ] - Starting MySpringApplication using Java 1.8.0_192 on yfyfyfmini with PID 1948 (C:\Users\11568\OneDrive\Graduation project\shop_project\server\server\target\classes started by 11568 in C:\Users\11568\OneDrive\Graduation project\shop_project\server)
2025-09-08 17:15:56.323 [ main ] - [ INFO  ] [ com.gk.study.MySpringApplication : 659 ] - No active profile set, falling back to default profiles: default
2025-09-08 17:15:57.568 [ main ] - [ INFO  ] [ org.apache.coyote.http11.Http11NioProtocol : 173 ] - Initializing ProtocolHandler ["http-nio-9100"]
2025-09-08 17:15:57.569 [ main ] - [ INFO  ] [ org.apache.catalina.core.StandardService : 173 ] - Starting service [Tomcat]
2025-09-08 17:15:57.570 [ main ] - [ INFO  ] [ org.apache.catalina.core.StandardEngine : 173 ] - Starting Servlet engine: [Apache Tomcat/9.0.53]
2025-09-08 17:15:57.650 [ main ] - [ INFO  ] [ o.a.c.c.ContainerBase.[Tomcat].[localhost].[/api] : 173 ] - Initializing Spring embedded WebApplicationContext
2025-09-08 17:15:58.077 [ main ] - [ WARN  ] [ c.b.mybatisplus.core.injector.DefaultSqlInjector : 56 ] - class java.lang.Object ,Not found @TableId annotation, Cannot use Mybatis-Plus 'xxById' Method.
2025-09-08 17:15:59.187 [ main ] - [ INFO  ] [ org.apache.coyote.http11.Http11NioProtocol : 173 ] - Starting ProtocolHandler ["http-nio-9100"]
2025-09-08 17:15:59.207 [ main ] - [ INFO  ] [ o.a.c.c.ContainerBase.[Tomcat].[localhost].[/api] : 173 ] - Initializing Spring DispatcherServlet 'dispatcherServlet'
2025-09-08 17:15:59.232 [ main ] - [ INFO  ] [ com.gk.study.MySpringApplication : 61 ] - Started MySpringApplication in 3.421 seconds (JVM running for 4.162)
2025-09-08 17:17:30.928 [ http-nio-9100-exec-3 ] - [ INFO  ] [ com.zaxxer.hikari.HikariDataSource : 110 ] - HikariPool-1 - Starting...
2025-09-08 17:17:31.063 [ http-nio-9100-exec-3 ] - [ INFO  ] [ com.zaxxer.hikari.HikariDataSource : 123 ] - HikariPool-1 - Start completed.
2025-09-08 17:17:43.744 [ http-nio-9100-exec-10 ] - [ INFO  ] [ com.gk.study.interceptor.AccessInterceptor : 109 ] - token==>a9b017c19f6991b3a26b31ae32542764
2025-09-08 17:17:45.731 [ http-nio-9100-exec-8 ] - [ INFO  ] [ com.gk.study.interceptor.AccessInterceptor : 109 ] - token==>a9b017c19f6991b3a26b31ae32542764
2025-09-08 17:17:47.090 [ http-nio-9100-exec-3 ] - [ INFO  ] [ com.gk.study.interceptor.AccessInterceptor : 109 ] - token==>a9b017c19f6991b3a26b31ae32542764
2025-09-08 17:17:48.452 [ http-nio-9100-exec-1 ] - [ INFO  ] [ com.gk.study.interceptor.AccessInterceptor : 109 ] - token==>a9b017c19f6991b3a26b31ae32542764
2025-09-08 17:18:40.974 [ http-nio-9100-exec-9 ] - [ INFO  ] [ com.gk.study.controller.AiChatController : 92 ] - AI chat request received - message: 你好, sessionId: 
2025-09-08 17:18:40.974 [ http-nio-9100-exec-9 ] - [ INFO  ] [ com.gk.study.controller.AiChatController : 51 ] - Refreshing thing cache
2025-09-08 17:18:41.000 [ http-nio-9100-exec-9 ] - [ INFO  ] [ com.gk.study.controller.AiChatController : 142 ] - Sending request to AI service with message: 你好
2025-09-08 17:18:45.237 [ http-nio-9100-exec-9 ] - [ INFO  ] [ com.gk.study.controller.AiChatController : 151 ] - Received response from AI service with status: 200 OK
2025-09-08 17:18:45.242 [ http-nio-9100-exec-9 ] - [ INFO  ] [ com.gk.study.controller.AiChatController : 179 ] - Successfully processed AI response
2025-09-08 17:19:11.628 [ http-nio-9100-exec-7 ] - [ INFO  ] [ com.gk.study.controller.AiChatController : 92 ] - AI chat request received - message: 我要学计算机网络有什么推荐的书吗, sessionId: 
2025-09-08 17:19:11.633 [ http-nio-9100-exec-7 ] - [ INFO  ] [ com.gk.study.controller.AiChatController : 142 ] - Sending request to AI service with message: 我要学计算机网络有什么推荐的书吗
2025-09-08 17:19:15.916 [ http-nio-9100-exec-7 ] - [ INFO  ] [ com.gk.study.controller.AiChatController : 151 ] - Received response from AI service with status: 200 OK
2025-09-08 17:19:15.921 [ http-nio-9100-exec-7 ] - [ INFO  ] [ com.gk.study.controller.AiChatController : 179 ] - Successfully processed AI response
